wheel-demo/build/outputs/logs/manifest-merger-debug-report.txt
-- Merging decision tree log ---
manifest
ADDED from AndroidManifest.xml:3:1
	xmlns:tools
		ADDED from AndroidManifest.xml:4:5
	xmlns:android
		ADDED from AndroidManifest.xml:3:11
	package
		ADDED from AndroidManifest.xml:5:5
	android:versionName
		ADDED from AndroidManifest.xml:7:5
	android:versionCode
		ADDED from AndroidManifest.xml:6:5
		INJECTED from AndroidManifest.xml:0:0
		INJECTED from AndroidManifest.xml:0:0
uses-sdk
ADDED from AndroidManifest.xml:8:5
MERGED from android-wheel-master:wheel:unspecified:7:5
	android:targetSdkVersion
		ADDED from android-wheel-master:wheel:unspecified:9:9
	android:minSdkVersion
		ADDED from AndroidManifest.xml:8:15
	tools:overrideLibrary
		ADDED from AndroidManifest.xml:9:9
application
ADDED from AndroidManifest.xml:11:5
MERGED from android-wheel-master:wheel:unspecified:11:5
	android:label
		ADDED from AndroidManifest.xml:11:49
		REJECTED from android-wheel-master:wheel:unspecified:11:18
	android:icon
		ADDED from AndroidManifest.xml:11:18
	tools:replace
		ADDED from AndroidManifest.xml:12:9
activity#kankan.wheel.demo.extended.WheelDemo
ADDED from AndroidManifest.xml:14:3
	android:name
		ADDED from AndroidManifest.xml:14:13
intent-filter#android.intent.action.MAIN+android.intent.category.LAUNCHER
ADDED from AndroidManifest.xml:15:7
action#android.intent.action.MAIN
ADDED from AndroidManifest.xml:16:17
	android:name
		ADDED from AndroidManifest.xml:16:25
category#android.intent.category.LAUNCHER
ADDED from AndroidManifest.xml:17:17
	android:name
		ADDED from AndroidManifest.xml:17:27
activity#kankan.wheel.demo.extended.TimeActivity
ADDED from AndroidManifest.xml:20:3
	android:label
		ADDED from AndroidManifest.xml:20:42
	android:name
		ADDED from AndroidManifest.xml:20:13
intent-filter#android.intent.action.MAIN+kankan.wheel.extended.WHEEL_SAMPLE
ADDED from AndroidManifest.xml:21:7
category#kankan.wheel.extended.WHEEL_SAMPLE
ADDED from AndroidManifest.xml:23:17
	android:name
		ADDED from AndroidManifest.xml:23:27
activity#kankan.wheel.demo.extended.Time2Activity
ADDED from AndroidManifest.xml:26:9
	android:label
		ADDED from AndroidManifest.xml:26:49
	android:name
		ADDED from AndroidManifest.xml:26:19
activity#kankan.wheel.demo.extended.DateActivity
ADDED from AndroidManifest.xml:32:9
	android:label
		ADDED from AndroidManifest.xml:32:48
	android:name
		ADDED from AndroidManifest.xml:32:19
activity#kankan.wheel.demo.extended.PasswActivity
ADDED from AndroidManifest.xml:38:3
	android:label
		ADDED from AndroidManifest.xml:38:43
	android:name
		ADDED from AndroidManifest.xml:38:13
activity#kankan.wheel.demo.extended.SlotMachineActivity
ADDED from AndroidManifest.xml:44:9
	android:label
		ADDED from AndroidManifest.xml:44:55
	android:name
		ADDED from AndroidManifest.xml:44:19
activity#kankan.wheel.demo.extended.CitiesActivity
ADDED from AndroidManifest.xml:50:3
	android:label
		ADDED from AndroidManifest.xml:50:44
	android:name
		ADDED from AndroidManifest.xml:50:13
activity#kankan.wheel.demo.extended.SpeedActivity
ADDED from AndroidManifest.xml:56:9
	android:label
		ADDED from AndroidManifest.xml:56:49
	android:name
		ADDED from AndroidManifest.xml:56:19
activity#kankan.wheel.demo.extended.HoloWheelActivity
ADDED from AndroidManifest.xml:62:9
	android:label
		ADDED from AndroidManifest.xml:62:53
	android:name
		ADDED from AndroidManifest.xml:62:19